<?xml version="1.0" encoding="UTF-8"?>
<!-- Generated by org.testng.reporters.JUnitReportReporter -->
<testsuite hostname="LIN60015134" name="TestSenarios.FreeCRMSIgnUpLoginTestCase" tests="1" failures="0" timestamp="2 Oct 2018 07:00:30 GMT" time="12.204" errors="0">
  <testcase name="signupApplication" time="12.204" classname="TestSenarios.FreeCRMSIgnUpLoginTestCase"/>
</testsuite> <!-- TestSenarios.FreeCRMSIgnUpLoginTestCase -->
