<?xml version="1.0" encoding="UTF-8"?>
<!-- Generated by org.testng.reporters.JUnitReportReporter -->
<testsuite hostname="LIN60015134" name="TestSenarios.TestNGClass3" tests="1" failures="0" timestamp="29 Sep 2018 07:14:31 GMT" time="0.004" errors="0">
  <testcase name="a" time="0.004" classname="TestSenarios.TestNGClass3"/>
</testsuite> <!-- TestSenarios.TestNGClass3 -->
