<?xml version="1.0" encoding="UTF-8"?>
<!-- Generated by org.testng.reporters.JUnitReportReporter -->
<testsuite hostname="LIN60015134" name="TestSenarios.DataProviderExample" tests="6" failures="0" timestamp="30 Sep 2018 04:57:04 GMT" time="0.032" errors="0">
  <testcase name="abc" time="0.000" classname="TestSenarios.DataProviderExample"/>
  <testcase name="abc" time="0.016" classname="TestSenarios.DataProviderExample"/>
  <testcase name="xyz" time="0.000" classname="TestSenarios.DataProviderExample"/>
  <testcase name="abc" time="0.016" classname="TestSenarios.DataProviderExample"/>
  <testcase name="abc" time="0.000" classname="TestSenarios.DataProviderExample"/>
  <testcase name="abc" time="0.000" classname="TestSenarios.DataProviderExample"/>
</testsuite> <!-- TestSenarios.DataProviderExample -->
